<?xml version="1.0" encoding="UTF-8"?>
<!-- Generated by org.testng.reporters.JUnitReportReporter -->
<testsuite hostname="Classroom-201" failures="0" tests="2" name="runnerScripts.Testcase01" time="16.718" errors="0" timestamp="2024-12-03T11:14:06 IST" skipped="0">
  <testcase classname="runnerScripts.Testcase01" name="Login" time="5.577"/>
  <system-out/>
  <testcase classname="runnerScripts.Testcase01" name="Login" time="11.141"/>
  <system-out/>
</testsuite> <!-- runnerScripts.Testcase01 -->
