<?xml version="1.0" encoding="UTF-8"?>
<!-- Generated by org.testng.reporters.JUnitReportReporter -->
<testsuite hostname="Classroom-201" failures="0" tests="1" name="basicFramework.Testcase03" time="7.799" errors="0" timestamp="2024-11-28T11:18:16 IST" skipped="0">
  <testcase classname="basicFramework.Testcase03" name="Title" time="7.799"/>
  <system-out/>
</testsuite> <!-- basicFramework.Testcase03 -->
