<?xml version="1.0" encoding="UTF-8"?>
<!-- Generated by org.testng.reporters.JUnitReportReporter -->
<testsuite hostname="Classroom-201" failures="0" tests="4" name="testNG.Script02" time="0.004" errors="0" timestamp="2024-11-27T10:54:04 IST" skipped="0">
  <testcase classname="testNG.Script02" name="Testcase2" time="0.001"/>
  <system-out/>
  <testcase classname="testNG.Script02" name="Testcase3" time="0.001"/>
  <system-out/>
  <testcase classname="testNG.Script02" name="Testcase3" time="0.002"/>
  <system-out/>
  <testcase classname="testNG.Script02" name="Testcase2" time="0.000"/>
  <system-out/>
</testsuite> <!-- testNG.Script02 -->
